2024-07-31 at 23:17:55 CST DEBUG org.springframework.context.support.AbstractApplicationContext 630 prepareRefresh - Refreshing org.springframework.context.support.ClassPathXmlApplicationContext@2654635
2024-07-31 at 23:17:56 CST DEBUG org.springframework.beans.factory.xml.XmlBeanDefinitionReader 393 doLoadBeanDefinitions - Loaded 1 bean definitions from class path resource [beans.xml]
2024-07-31 at 23:17:56 CST DEBUG org.springframework.beans.factory.support.DefaultSingletonBeanRegistry 225 getSingleton - Creating shared instance of singleton bean 'user'
2024-07-31 at 23:21:34 CST DEBUG org.springframework.context.support.AbstractApplicationContext 630 prepareRefresh - Refreshing org.springframework.context.support.ClassPathXmlApplicationContext@59d2400d
2024-07-31 at 23:21:34 CST DEBUG org.springframework.beans.factory.xml.XmlBeanDefinitionReader 393 doLoadBeanDefinitions - Loaded 1 bean definitions from class path resource [beans.xml]
2024-07-31 at 23:21:34 CST DEBUG org.springframework.beans.factory.support.DefaultSingletonBeanRegistry 225 getSingleton - Creating shared instance of singleton bean 'user'
2024-07-31 at 23:21:44 CST DEBUG org.springframework.context.support.AbstractApplicationContext 630 prepareRefresh - Refreshing org.springframework.context.support.ClassPathXmlApplicationContext@1ecee32c
2024-07-31 at 23:21:44 CST DEBUG org.springframework.beans.factory.xml.XmlBeanDefinitionReader 393 doLoadBeanDefinitions - Loaded 1 bean definitions from class path resource [beans.xml]
2024-07-31 at 23:21:44 CST DEBUG org.springframework.beans.factory.support.DefaultSingletonBeanRegistry 225 getSingleton - Creating shared instance of singleton bean 'user'
2024-07-31 at 23:21:57 CST DEBUG org.springframework.context.support.AbstractApplicationContext 630 prepareRefresh - Refreshing org.springframework.context.support.ClassPathXmlApplicationContext@63dd899
2024-07-31 at 23:21:57 CST DEBUG org.springframework.beans.factory.xml.XmlBeanDefinitionReader 393 doLoadBeanDefinitions - Loaded 1 bean definitions from class path resource [beans.xml]
2024-07-31 at 23:21:57 CST DEBUG org.springframework.beans.factory.support.DefaultSingletonBeanRegistry 225 getSingleton - Creating shared instance of singleton bean 'user'
2024-07-31 at 23:21:58 CST INFO  com.atguigu.mySpring.TestUser 19 test - ######### 执行了测试方法
2024-07-31 at 23:22:03 CST DEBUG org.springframework.context.support.AbstractApplicationContext 630 prepareRefresh - Refreshing org.springframework.context.support.ClassPathXmlApplicationContext@1ecee32c
2024-07-31 at 23:22:03 CST DEBUG org.springframework.beans.factory.xml.XmlBeanDefinitionReader 393 doLoadBeanDefinitions - Loaded 1 bean definitions from class path resource [beans.xml]
2024-07-31 at 23:22:03 CST DEBUG org.springframework.beans.factory.support.DefaultSingletonBeanRegistry 225 getSingleton - Creating shared instance of singleton bean 'user'
2024-07-31 at 23:22:03 CST INFO  com.atguigu.mySpring.TestUser 20 test - ######### 执行了测试方法
2024-07-31 at 23:26:35 CST DEBUG org.springframework.context.support.AbstractApplicationContext 630 prepareRefresh - Refreshing org.springframework.context.support.ClassPathXmlApplicationContext@1ecee32c
2024-07-31 at 23:26:36 CST DEBUG org.springframework.beans.factory.xml.XmlBeanDefinitionReader 393 doLoadBeanDefinitions - Loaded 1 bean definitions from class path resource [beans.xml]
2024-07-31 at 23:26:36 CST DEBUG org.springframework.beans.factory.support.DefaultSingletonBeanRegistry 225 getSingleton - Creating shared instance of singleton bean 'user'
2024-07-31 at 23:26:36 CST INFO  com.atguigu.mySpring.TestUser 20 test - ######### 执行了测试方法
2024-07-31 at 23:27:12 CST DEBUG org.springframework.context.support.AbstractApplicationContext 630 prepareRefresh - Refreshing org.springframework.context.support.ClassPathXmlApplicationContext@1ecee32c
2024-07-31 at 23:27:12 CST DEBUG org.springframework.beans.factory.xml.XmlBeanDefinitionReader 393 doLoadBeanDefinitions - Loaded 1 bean definitions from class path resource [beans.xml]
2024-07-31 at 23:27:12 CST DEBUG org.springframework.beans.factory.support.DefaultSingletonBeanRegistry 225 getSingleton - Creating shared instance of singleton bean 'user'
2024-07-31 at 23:27:12 CST INFO  com.atguigu.mySpring.TestUser 22 test - ######### 执行了测试方法
2024-07-31 at 23:27:22 CST DEBUG org.springframework.context.support.AbstractApplicationContext 630 prepareRefresh - Refreshing org.springframework.context.support.ClassPathXmlApplicationContext@1ecee32c
2024-07-31 at 23:27:22 CST DEBUG org.springframework.beans.factory.xml.XmlBeanDefinitionReader 393 doLoadBeanDefinitions - Loaded 1 bean definitions from class path resource [beans.xml]
2024-07-31 at 23:27:22 CST DEBUG org.springframework.beans.factory.support.DefaultSingletonBeanRegistry 225 getSingleton - Creating shared instance of singleton bean 'user'
2024-07-31 at 23:27:22 CST INFO  com.atguigu.mySpring.TestUser 22 test - ######### 执行了测试方法
2024-07-31 at 23:28:02 CST DEBUG org.springframework.context.support.AbstractApplicationContext 630 prepareRefresh - Refreshing org.springframework.context.support.ClassPathXmlApplicationContext@1ecee32c
2024-07-31 at 23:28:02 CST DEBUG org.springframework.beans.factory.xml.XmlBeanDefinitionReader 393 doLoadBeanDefinitions - Loaded 1 bean definitions from class path resource [beans.xml]
2024-07-31 at 23:28:02 CST DEBUG org.springframework.beans.factory.support.DefaultSingletonBeanRegistry 225 getSingleton - Creating shared instance of singleton bean 'user'
2024-07-31 at 23:28:02 CST INFO  com.atguigu.mySpring.TestUser 26 test - ######### 执行了测试方法
2024-07-31 at 23:28:47 CST DEBUG org.springframework.context.support.AbstractApplicationContext 630 prepareRefresh - Refreshing org.springframework.context.support.ClassPathXmlApplicationContext@1ecee32c
2024-07-31 at 23:28:47 CST DEBUG org.springframework.beans.factory.xml.XmlBeanDefinitionReader 393 doLoadBeanDefinitions - Loaded 1 bean definitions from class path resource [beans.xml]
2024-07-31 at 23:28:47 CST DEBUG org.springframework.beans.factory.support.DefaultSingletonBeanRegistry 225 getSingleton - Creating shared instance of singleton bean 'user'
2024-07-31 at 23:28:47 CST INFO  com.atguigu.mySpring.TestUser 26 test - ######### 执行了测试方法
2024-07-31 at 23:37:27 CST DEBUG org.springframework.context.support.AbstractApplicationContext 630 prepareRefresh - Refreshing org.springframework.context.support.ClassPathXmlApplicationContext@4372b9b6
2024-07-31 at 23:38:02 CST DEBUG org.springframework.context.support.AbstractApplicationContext 630 prepareRefresh - Refreshing org.springframework.context.support.ClassPathXmlApplicationContext@4372b9b6
2024-07-31 at 23:39:42 CST DEBUG org.springframework.context.support.AbstractApplicationContext 630 prepareRefresh - Refreshing org.springframework.context.support.ClassPathXmlApplicationContext@5b202a3a
2024-07-31 at 23:39:42 CST DEBUG org.springframework.beans.factory.xml.XmlBeanDefinitionReader 393 doLoadBeanDefinitions - Loaded 2 bean definitions from class path resource [beans.xml]
2024-07-31 at 23:39:42 CST DEBUG org.springframework.beans.factory.support.DefaultSingletonBeanRegistry 225 getSingleton - Creating shared instance of singleton bean 'user'
2024-07-31 at 23:39:42 CST DEBUG org.springframework.beans.factory.support.DefaultSingletonBeanRegistry 225 getSingleton - Creating shared instance of singleton bean 'studentOne'
2024-07-31 at 23:42:50 CST DEBUG org.springframework.context.support.AbstractApplicationContext 630 prepareRefresh - Refreshing org.springframework.context.support.ClassPathXmlApplicationContext@4535b6d5
2024-07-31 at 23:42:50 CST DEBUG org.springframework.beans.factory.xml.XmlBeanDefinitionReader 393 doLoadBeanDefinitions - Loaded 3 bean definitions from class path resource [beans.xml]
2024-07-31 at 23:42:50 CST DEBUG org.springframework.beans.factory.support.DefaultSingletonBeanRegistry 225 getSingleton - Creating shared instance of singleton bean 'user'
2024-07-31 at 23:42:50 CST DEBUG org.springframework.beans.factory.support.DefaultSingletonBeanRegistry 225 getSingleton - Creating shared instance of singleton bean 'studentOne'
2024-07-31 at 23:42:50 CST DEBUG org.springframework.beans.factory.support.DefaultSingletonBeanRegistry 225 getSingleton - Creating shared instance of singleton bean 'studentTwo'
2024-07-31 at 23:42:50 CST WARN  org.springframework.core.LocalVariableTableParameterNameDiscoverer 123 inspectClass - Using deprecated '-debug' fallback for parameter name resolution. Compile the affected code with '-parameters' instead or avoid its introspection: com.atguigu.mySpring.Student
2024-07-31 at 23:43:18 CST DEBUG org.springframework.context.support.AbstractApplicationContext 630 prepareRefresh - Refreshing org.springframework.context.support.ClassPathXmlApplicationContext@4372b9b6
2024-07-31 at 23:43:18 CST DEBUG org.springframework.beans.factory.xml.XmlBeanDefinitionReader 393 doLoadBeanDefinitions - Loaded 3 bean definitions from class path resource [beans.xml]
2024-07-31 at 23:43:18 CST DEBUG org.springframework.beans.factory.support.DefaultSingletonBeanRegistry 225 getSingleton - Creating shared instance of singleton bean 'user'
2024-07-31 at 23:43:18 CST DEBUG org.springframework.beans.factory.support.DefaultSingletonBeanRegistry 225 getSingleton - Creating shared instance of singleton bean 'studentOne'
2024-07-31 at 23:43:18 CST DEBUG org.springframework.beans.factory.support.DefaultSingletonBeanRegistry 225 getSingleton - Creating shared instance of singleton bean 'studentTwo'
2024-07-31 at 23:43:18 CST WARN  org.springframework.core.LocalVariableTableParameterNameDiscoverer 123 inspectClass - Using deprecated '-debug' fallback for parameter name resolution. Compile the affected code with '-parameters' instead or avoid its introspection: com.atguigu.mySpring.Student
2024-08-01 at 09:05:11 CST DEBUG org.springframework.context.support.AbstractApplicationContext 630 prepareRefresh - Refreshing org.springframework.context.support.ClassPathXmlApplicationContext@4372b9b6
2024-08-01 at 09:05:11 CST DEBUG org.springframework.beans.factory.xml.XmlBeanDefinitionReader 393 doLoadBeanDefinitions - Loaded 3 bean definitions from class path resource [beans.xml]
2024-08-01 at 09:05:11 CST DEBUG org.springframework.beans.factory.support.DefaultSingletonBeanRegistry 225 getSingleton - Creating shared instance of singleton bean 'user'
2024-08-01 at 09:05:11 CST DEBUG org.springframework.beans.factory.support.DefaultSingletonBeanRegistry 225 getSingleton - Creating shared instance of singleton bean 'studentOne'
2024-08-01 at 09:05:12 CST DEBUG org.springframework.beans.factory.support.DefaultSingletonBeanRegistry 225 getSingleton - Creating shared instance of singleton bean 'studentTwo'
2024-08-01 at 09:05:12 CST WARN  org.springframework.core.LocalVariableTableParameterNameDiscoverer 123 inspectClass - Using deprecated '-debug' fallback for parameter name resolution. Compile the affected code with '-parameters' instead or avoid its introspection: com.atguigu.mySpring.Student
2024-08-01 at 09:05:12 CST INFO  com.atguigu.mySpring.MyTest 26 testUser - ######### 执行了测试方法
2024-08-01 at 09:05:45 CST DEBUG org.springframework.context.support.AbstractApplicationContext 630 prepareRefresh - Refreshing org.springframework.context.support.ClassPathXmlApplicationContext@59d2400d
2024-08-01 at 09:05:45 CST DEBUG org.springframework.beans.factory.xml.XmlBeanDefinitionReader 393 doLoadBeanDefinitions - Loaded 3 bean definitions from class path resource [beans.xml]
2024-08-01 at 09:05:45 CST DEBUG org.springframework.beans.factory.support.DefaultSingletonBeanRegistry 225 getSingleton - Creating shared instance of singleton bean 'user'
2024-08-01 at 09:05:45 CST DEBUG org.springframework.beans.factory.support.DefaultSingletonBeanRegistry 225 getSingleton - Creating shared instance of singleton bean 'studentOne'
2024-08-01 at 09:05:45 CST DEBUG org.springframework.beans.factory.support.DefaultSingletonBeanRegistry 225 getSingleton - Creating shared instance of singleton bean 'studentTwo'
2024-08-01 at 09:05:45 CST WARN  org.springframework.core.LocalVariableTableParameterNameDiscoverer 123 inspectClass - Using deprecated '-debug' fallback for parameter name resolution. Compile the affected code with '-parameters' instead or avoid its introspection: com.atguigu.mySpring.Student
2024-08-01 at 09:13:23 CST DEBUG org.springframework.context.support.AbstractApplicationContext 630 prepareRefresh - Refreshing org.springframework.context.support.ClassPathXmlApplicationContext@4372b9b6
2024-08-01 at 09:13:24 CST DEBUG org.springframework.beans.factory.xml.XmlBeanDefinitionReader 393 doLoadBeanDefinitions - Loaded 4 bean definitions from class path resource [beans.xml]
2024-08-01 at 09:13:24 CST DEBUG org.springframework.beans.factory.support.DefaultSingletonBeanRegistry 225 getSingleton - Creating shared instance of singleton bean 'user'
2024-08-01 at 09:13:24 CST DEBUG org.springframework.beans.factory.support.DefaultSingletonBeanRegistry 225 getSingleton - Creating shared instance of singleton bean 'classroomOne'
2024-08-01 at 09:13:24 CST WARN  org.springframework.core.LocalVariableTableParameterNameDiscoverer 123 inspectClass - Using deprecated '-debug' fallback for parameter name resolution. Compile the affected code with '-parameters' instead or avoid its introspection: com.atguigu.mySpring.Classroom
2024-08-01 at 09:13:24 CST DEBUG org.springframework.beans.factory.support.DefaultSingletonBeanRegistry 225 getSingleton - Creating shared instance of singleton bean 'studentOne'
2024-08-01 at 09:13:24 CST DEBUG org.springframework.beans.factory.support.DefaultSingletonBeanRegistry 225 getSingleton - Creating shared instance of singleton bean 'studentTwo'
2024-08-01 at 09:13:24 CST WARN  org.springframework.core.LocalVariableTableParameterNameDiscoverer 123 inspectClass - Using deprecated '-debug' fallback for parameter name resolution. Compile the affected code with '-parameters' instead or avoid its introspection: com.atguigu.mySpring.Student
2024-08-01 at 09:13:24 CST WARN  org.springframework.context.support.AbstractApplicationContext 592 refresh - Exception encountered during context initialization - cancelling refresh attempt: org.springframework.beans.factory.UnsatisfiedDependencyException: Error creating bean with name 'studentTwo' defined in class path resource [beans.xml]: Unsatisfied dependency expressed through constructor parameter 4: Could not convert argument value of type [java.lang.String] to required type [com.atguigu.mySpring.Classroom]: Failed to convert value of type 'java.lang.String' to required type 'com.atguigu.mySpring.Classroom'; Cannot convert value of type 'java.lang.String' to required type 'com.atguigu.mySpring.Classroom': no matching editors or conversion strategy found
2024-08-01 at 09:14:07 CST DEBUG org.springframework.context.support.AbstractApplicationContext 630 prepareRefresh - Refreshing org.springframework.context.support.ClassPathXmlApplicationContext@4372b9b6
2024-08-01 at 09:14:07 CST DEBUG org.springframework.beans.factory.xml.XmlBeanDefinitionReader 393 doLoadBeanDefinitions - Loaded 4 bean definitions from class path resource [beans.xml]
2024-08-01 at 09:14:07 CST DEBUG org.springframework.beans.factory.support.DefaultSingletonBeanRegistry 225 getSingleton - Creating shared instance of singleton bean 'user'
2024-08-01 at 09:14:07 CST DEBUG org.springframework.beans.factory.support.DefaultSingletonBeanRegistry 225 getSingleton - Creating shared instance of singleton bean 'classroomOne'
2024-08-01 at 09:14:07 CST WARN  org.springframework.core.LocalVariableTableParameterNameDiscoverer 123 inspectClass - Using deprecated '-debug' fallback for parameter name resolution. Compile the affected code with '-parameters' instead or avoid its introspection: com.atguigu.mySpring.Classroom
2024-08-01 at 09:14:07 CST DEBUG org.springframework.beans.factory.support.DefaultSingletonBeanRegistry 225 getSingleton - Creating shared instance of singleton bean 'studentOne'
2024-08-01 at 09:14:07 CST DEBUG org.springframework.beans.factory.support.DefaultSingletonBeanRegistry 225 getSingleton - Creating shared instance of singleton bean 'studentTwo'
2024-08-01 at 09:14:07 CST WARN  org.springframework.core.LocalVariableTableParameterNameDiscoverer 123 inspectClass - Using deprecated '-debug' fallback for parameter name resolution. Compile the affected code with '-parameters' instead or avoid its introspection: com.atguigu.mySpring.Student
2024-08-01 at 09:14:08 CST WARN  org.springframework.context.support.AbstractApplicationContext 592 refresh - Exception encountered during context initialization - cancelling refresh attempt: org.springframework.beans.factory.UnsatisfiedDependencyException: Error creating bean with name 'studentTwo' defined in class path resource [beans.xml]: Unsatisfied dependency expressed through constructor parameter 4: Could not convert argument value of type [java.lang.String] to required type [com.atguigu.mySpring.Classroom]: Failed to convert value of type 'java.lang.String' to required type 'com.atguigu.mySpring.Classroom'; Cannot convert value of type 'java.lang.String' to required type 'com.atguigu.mySpring.Classroom': no matching editors or conversion strategy found
2024-08-01 at 09:14:19 CST DEBUG org.springframework.context.support.AbstractApplicationContext 630 prepareRefresh - Refreshing org.springframework.context.support.ClassPathXmlApplicationContext@4372b9b6
2024-08-01 at 09:14:19 CST DEBUG org.springframework.beans.factory.xml.XmlBeanDefinitionReader 393 doLoadBeanDefinitions - Loaded 4 bean definitions from class path resource [beans.xml]
2024-08-01 at 09:14:19 CST DEBUG org.springframework.beans.factory.support.DefaultSingletonBeanRegistry 225 getSingleton - Creating shared instance of singleton bean 'user'
2024-08-01 at 09:14:19 CST DEBUG org.springframework.beans.factory.support.DefaultSingletonBeanRegistry 225 getSingleton - Creating shared instance of singleton bean 'classroomOne'
2024-08-01 at 09:14:19 CST WARN  org.springframework.core.LocalVariableTableParameterNameDiscoverer 123 inspectClass - Using deprecated '-debug' fallback for parameter name resolution. Compile the affected code with '-parameters' instead or avoid its introspection: com.atguigu.mySpring.Classroom
2024-08-01 at 09:14:19 CST DEBUG org.springframework.beans.factory.support.DefaultSingletonBeanRegistry 225 getSingleton - Creating shared instance of singleton bean 'studentOne'
2024-08-01 at 09:14:19 CST DEBUG org.springframework.beans.factory.support.DefaultSingletonBeanRegistry 225 getSingleton - Creating shared instance of singleton bean 'studentTwo'
2024-08-01 at 09:14:19 CST WARN  org.springframework.core.LocalVariableTableParameterNameDiscoverer 123 inspectClass - Using deprecated '-debug' fallback for parameter name resolution. Compile the affected code with '-parameters' instead or avoid its introspection: com.atguigu.mySpring.Student
2024-08-01 at 09:14:57 CST DEBUG org.springframework.context.support.AbstractApplicationContext 630 prepareRefresh - Refreshing org.springframework.context.support.ClassPathXmlApplicationContext@4372b9b6
2024-08-01 at 09:14:57 CST DEBUG org.springframework.beans.factory.xml.XmlBeanDefinitionReader 393 doLoadBeanDefinitions - Loaded 4 bean definitions from class path resource [beans.xml]
2024-08-01 at 09:14:57 CST DEBUG org.springframework.beans.factory.support.DefaultSingletonBeanRegistry 225 getSingleton - Creating shared instance of singleton bean 'user'
2024-08-01 at 09:14:57 CST DEBUG org.springframework.beans.factory.support.DefaultSingletonBeanRegistry 225 getSingleton - Creating shared instance of singleton bean 'classroomOne'
2024-08-01 at 09:14:57 CST WARN  org.springframework.core.LocalVariableTableParameterNameDiscoverer 123 inspectClass - Using deprecated '-debug' fallback for parameter name resolution. Compile the affected code with '-parameters' instead or avoid its introspection: com.atguigu.mySpring.Classroom
2024-08-01 at 09:14:57 CST DEBUG org.springframework.beans.factory.support.DefaultSingletonBeanRegistry 225 getSingleton - Creating shared instance of singleton bean 'studentOne'
2024-08-01 at 09:14:57 CST DEBUG org.springframework.beans.factory.support.DefaultSingletonBeanRegistry 225 getSingleton - Creating shared instance of singleton bean 'studentTwo'
2024-08-01 at 09:14:57 CST WARN  org.springframework.core.LocalVariableTableParameterNameDiscoverer 123 inspectClass - Using deprecated '-debug' fallback for parameter name resolution. Compile the affected code with '-parameters' instead or avoid its introspection: com.atguigu.mySpring.Student
2024-08-01 at 09:48:48 CST DEBUG org.springframework.context.support.AbstractApplicationContext 630 prepareRefresh - Refreshing org.springframework.context.support.ClassPathXmlApplicationContext@1ecee32c
2024-08-01 at 10:04:39 CST DEBUG org.springframework.context.support.AbstractApplicationContext 630 prepareRefresh - Refreshing org.springframework.context.support.ClassPathXmlApplicationContext@1ecee32c
2024-08-01 at 10:05:44 CST DEBUG org.springframework.context.support.AbstractApplicationContext 630 prepareRefresh - Refreshing org.springframework.context.support.ClassPathXmlApplicationContext@1ecee32c
2024-08-01 at 10:05:44 CST DEBUG org.springframework.beans.factory.xml.XmlBeanDefinitionReader 393 doLoadBeanDefinitions - Loaded 2 bean definitions from class path resource [beans-jdbc.xml]
2024-08-01 at 10:05:44 CST DEBUG org.springframework.beans.factory.support.DefaultSingletonBeanRegistry 225 getSingleton - Creating shared instance of singleton bean 'org.springframework.context.support.PropertySourcesPlaceholderConfigurer#0'
2024-08-01 at 10:05:45 CST DEBUG org.springframework.core.env.PropertySourcesPropertyResolver 115 logKeyFound - Found key 'jdbc.url' in PropertySource 'localProperties' with value of type String
2024-08-01 at 10:05:45 CST DEBUG org.springframework.core.env.PropertySourcesPropertyResolver 115 logKeyFound - Found key 'jdbc.driver' in PropertySource 'localProperties' with value of type String
2024-08-01 at 10:05:45 CST DEBUG org.springframework.core.env.PropertySourcesPropertyResolver 115 logKeyFound - Found key 'jdbc.user' in PropertySource 'localProperties' with value of type String
2024-08-01 at 10:05:45 CST DEBUG org.springframework.core.env.PropertySourcesPropertyResolver 115 logKeyFound - Found key 'jdbc.password' in PropertySource 'localProperties' with value of type String
2024-08-01 at 10:05:45 CST DEBUG org.springframework.beans.factory.support.DefaultSingletonBeanRegistry 225 getSingleton - Creating shared instance of singleton bean 'druidDataSource'
2024-08-01 at 10:05:45 CST INFO  com.alibaba.druid.pool.DruidDataSource 985 init - {dataSource-1} inited
2024-08-01 at 10:12:42 CST DEBUG org.springframework.context.support.AbstractApplicationContext 630 prepareRefresh - Refreshing org.springframework.context.support.ClassPathXmlApplicationContext@112f364d
2024-08-01 at 10:12:42 CST DEBUG org.springframework.beans.factory.xml.XmlBeanDefinitionReader 393 doLoadBeanDefinitions - Loaded 5 bean definitions from class path resource [beans.xml]
2024-08-01 at 10:12:42 CST DEBUG org.springframework.beans.factory.support.DefaultSingletonBeanRegistry 225 getSingleton - Creating shared instance of singleton bean 'user'
2024-08-01 at 10:12:42 CST DEBUG org.springframework.beans.factory.support.DefaultSingletonBeanRegistry 225 getSingleton - Creating shared instance of singleton bean 'studentOne'
2024-08-01 at 10:12:42 CST DEBUG org.springframework.beans.factory.support.DefaultSingletonBeanRegistry 225 getSingleton - Creating shared instance of singleton bean 'studentTwo'
2024-08-01 at 10:12:42 CST WARN  org.springframework.core.LocalVariableTableParameterNameDiscoverer 123 inspectClass - Using deprecated '-debug' fallback for parameter name resolution. Compile the affected code with '-parameters' instead or avoid its introspection: com.atguigu.mySpring.Classroom
2024-08-01 at 10:12:42 CST WARN  org.springframework.core.LocalVariableTableParameterNameDiscoverer 123 inspectClass - Using deprecated '-debug' fallback for parameter name resolution. Compile the affected code with '-parameters' instead or avoid its introspection: com.atguigu.mySpring.Student
2024-08-01 at 10:12:42 CST DEBUG org.springframework.beans.factory.support.DefaultSingletonBeanRegistry 225 getSingleton - Creating shared instance of singleton bean 'schoolOne'
2024-08-01 at 10:12:42 CST WARN  org.springframework.core.LocalVariableTableParameterNameDiscoverer 123 inspectClass - Using deprecated '-debug' fallback for parameter name resolution. Compile the affected code with '-parameters' instead or avoid its introspection: com.atguigu.mySpring.School
2024-08-01 at 10:12:42 CST WARN  org.springframework.context.support.AbstractApplicationContext 592 refresh - Exception encountered during context initialization - cancelling refresh attempt: org.springframework.beans.factory.UnsatisfiedDependencyException: Error creating bean with name 'schoolOne' defined in class path resource [beans.xml]: Unsatisfied dependency expressed through constructor parameter 1: Could not convert argument value of type [[Ljava.lang.Object;] to required type [java.util.ArrayList]: Failed to convert value of type 'java.lang.Object[]' to required type 'java.util.ArrayList'; Cannot convert value of type 'java.lang.Object[]' to required type 'java.util.ArrayList': no matching editors or conversion strategy found
2024-08-01 at 10:13:44 CST DEBUG org.springframework.context.support.AbstractApplicationContext 630 prepareRefresh - Refreshing org.springframework.context.support.ClassPathXmlApplicationContext@112f364d
2024-08-01 at 10:13:44 CST DEBUG org.springframework.beans.factory.xml.XmlBeanDefinitionReader 393 doLoadBeanDefinitions - Loaded 5 bean definitions from class path resource [beans.xml]
2024-08-01 at 10:13:44 CST DEBUG org.springframework.beans.factory.support.DefaultSingletonBeanRegistry 225 getSingleton - Creating shared instance of singleton bean 'user'
2024-08-01 at 10:13:44 CST DEBUG org.springframework.beans.factory.support.DefaultSingletonBeanRegistry 225 getSingleton - Creating shared instance of singleton bean 'studentOne'
2024-08-01 at 10:13:44 CST DEBUG org.springframework.beans.factory.support.DefaultSingletonBeanRegistry 225 getSingleton - Creating shared instance of singleton bean 'studentTwo'
2024-08-01 at 10:13:44 CST WARN  org.springframework.core.LocalVariableTableParameterNameDiscoverer 123 inspectClass - Using deprecated '-debug' fallback for parameter name resolution. Compile the affected code with '-parameters' instead or avoid its introspection: com.atguigu.mySpring.Classroom
2024-08-01 at 10:13:44 CST WARN  org.springframework.core.LocalVariableTableParameterNameDiscoverer 123 inspectClass - Using deprecated '-debug' fallback for parameter name resolution. Compile the affected code with '-parameters' instead or avoid its introspection: com.atguigu.mySpring.Student
2024-08-01 at 10:13:44 CST DEBUG org.springframework.beans.factory.support.DefaultSingletonBeanRegistry 225 getSingleton - Creating shared instance of singleton bean 'schoolOne'
2024-08-01 at 10:13:44 CST WARN  org.springframework.core.LocalVariableTableParameterNameDiscoverer 123 inspectClass - Using deprecated '-debug' fallback for parameter name resolution. Compile the affected code with '-parameters' instead or avoid its introspection: com.atguigu.mySpring.School
2024-08-01 at 10:16:27 CST DEBUG org.springframework.context.support.AbstractApplicationContext 630 prepareRefresh - Refreshing org.springframework.context.support.ClassPathXmlApplicationContext@112f364d
2024-08-01 at 10:16:27 CST DEBUG org.springframework.beans.factory.xml.XmlBeanDefinitionReader 393 doLoadBeanDefinitions - Loaded 6 bean definitions from class path resource [beans.xml]
2024-08-01 at 10:16:27 CST DEBUG org.springframework.beans.factory.support.DefaultSingletonBeanRegistry 225 getSingleton - Creating shared instance of singleton bean 'user'
2024-08-01 at 10:16:27 CST DEBUG org.springframework.beans.factory.support.DefaultSingletonBeanRegistry 225 getSingleton - Creating shared instance of singleton bean 'classroomTwo'
2024-08-01 at 10:16:27 CST WARN  org.springframework.core.LocalVariableTableParameterNameDiscoverer 123 inspectClass - Using deprecated '-debug' fallback for parameter name resolution. Compile the affected code with '-parameters' instead or avoid its introspection: com.atguigu.mySpring.Classroom
2024-08-01 at 10:16:27 CST DEBUG org.springframework.beans.factory.support.DefaultSingletonBeanRegistry 225 getSingleton - Creating shared instance of singleton bean 'studentOne'
2024-08-01 at 10:16:27 CST DEBUG org.springframework.beans.factory.support.DefaultSingletonBeanRegistry 225 getSingleton - Creating shared instance of singleton bean 'studentTwo'
2024-08-01 at 10:16:27 CST WARN  org.springframework.core.LocalVariableTableParameterNameDiscoverer 123 inspectClass - Using deprecated '-debug' fallback for parameter name resolution. Compile the affected code with '-parameters' instead or avoid its introspection: com.atguigu.mySpring.Student
2024-08-01 at 10:16:27 CST DEBUG org.springframework.beans.factory.support.DefaultSingletonBeanRegistry 225 getSingleton - Creating shared instance of singleton bean 'schoolOne'
2024-08-01 at 10:16:27 CST WARN  org.springframework.core.LocalVariableTableParameterNameDiscoverer 123 inspectClass - Using deprecated '-debug' fallback for parameter name resolution. Compile the affected code with '-parameters' instead or avoid its introspection: com.atguigu.mySpring.School
2024-08-01 at 10:52:42 CST DEBUG org.springframework.context.support.AbstractApplicationContext 630 prepareRefresh - Refreshing org.springframework.context.support.ClassPathXmlApplicationContext@5ccbeb64
2024-08-01 at 10:52:42 CST DEBUG org.springframework.beans.factory.xml.XmlBeanDefinitionReader 393 doLoadBeanDefinitions - Loaded 7 bean definitions from class path resource [beans.xml]
2024-08-01 at 10:52:42 CST DEBUG org.springframework.beans.factory.support.DefaultSingletonBeanRegistry 225 getSingleton - Creating shared instance of singleton bean 'user'
2024-08-01 at 10:52:42 CST DEBUG org.springframework.beans.factory.support.DefaultSingletonBeanRegistry 225 getSingleton - Creating shared instance of singleton bean 'classroomTwo'
2024-08-01 at 10:52:42 CST WARN  org.springframework.core.LocalVariableTableParameterNameDiscoverer 123 inspectClass - Using deprecated '-debug' fallback for parameter name resolution. Compile the affected code with '-parameters' instead or avoid its introspection: com.atguigu.mySpring.Classroom
2024-08-01 at 10:52:42 CST DEBUG org.springframework.beans.factory.support.DefaultSingletonBeanRegistry 225 getSingleton - Creating shared instance of singleton bean 'studentOne'
2024-08-01 at 10:52:42 CST DEBUG org.springframework.beans.factory.support.DefaultSingletonBeanRegistry 225 getSingleton - Creating shared instance of singleton bean 'studentTwo'
2024-08-01 at 10:52:42 CST WARN  org.springframework.core.LocalVariableTableParameterNameDiscoverer 123 inspectClass - Using deprecated '-debug' fallback for parameter name resolution. Compile the affected code with '-parameters' instead or avoid its introspection: com.atguigu.mySpring.Student
2024-08-01 at 10:52:42 CST DEBUG org.springframework.beans.factory.support.DefaultSingletonBeanRegistry 225 getSingleton - Creating shared instance of singleton bean 'schoolOne'
2024-08-01 at 10:52:42 CST WARN  org.springframework.core.LocalVariableTableParameterNameDiscoverer 123 inspectClass - Using deprecated '-debug' fallback for parameter name resolution. Compile the affected code with '-parameters' instead or avoid its introspection: com.atguigu.mySpring.School
2024-08-01 at 10:52:42 CST DEBUG org.springframework.beans.factory.support.DefaultSingletonBeanRegistry 225 getSingleton - Creating shared instance of singleton bean 'autoWiredTest'
